c:\users\kbyyd\desktop\windows网络编程\模板代码\源代码\第5章\tcpserver\tcpserver\release\tcpserver.pch
c:\users\kbyyd\desktop\windows网络编程\模板代码\源代码\第5章\tcpserver\tcpserver\release\vc140.pdb
c:\users\kbyyd\desktop\windows网络编程\模板代码\源代码\第5章\tcpserver\tcpserver\release\stdafx.obj
c:\users\kbyyd\desktop\windows网络编程\模板代码\源代码\第5章\tcpserver\tcpserver\release\tcpserver.obj
c:\users\kbyyd\desktop\windows网络编程\mycode\lesson3\tcpserver\tcpserver\release\tcpserver.pch
c:\users\kbyyd\desktop\windows网络编程\mycode\lesson3\tcpserver\tcpserver\release\vc140.pdb
c:\users\kbyyd\desktop\windows网络编程\mycode\lesson3\tcpserver\tcpserver\release\stdafx.obj
c:\users\kbyyd\desktop\windows网络编程\mycode\lesson3\tcpserver\tcpserver\release\tcpserver.obj
c:\users\kbyyd\desktop\windows网络编程\模板代码\源代码\第5章\tcpserver\release\tcpserver.exe
c:\users\kbyyd\desktop\windows网络编程\模板代码\源代码\第5章\tcpserver\release\tcpserver.ipdb
c:\users\kbyyd\desktop\windows网络编程\模板代码\源代码\第5章\tcpserver\release\tcpserver.iobj
c:\users\kbyyd\desktop\windows网络编程\模板代码\源代码\第5章\tcpserver\release\tcpserver.pdb
c:\users\kbyyd\desktop\windows网络编程\mycode\lesson3\tcpserver\release\tcpserver.exe
c:\users\kbyyd\desktop\windows网络编程\mycode\lesson3\tcpserver\release\tcpserver.ipdb
c:\users\kbyyd\desktop\windows网络编程\mycode\lesson3\tcpserver\release\tcpserver.iobj
c:\users\kbyyd\desktop\windows网络编程\mycode\lesson3\tcpserver\release\tcpserver.pdb
c:\users\kbyyd\desktop\windows网络编程\mycode\lesson3\tcpserver\tcpserver\release\tcpserver.tlog\cl.command.1.tlog
c:\users\kbyyd\desktop\windows网络编程\mycode\lesson3\tcpserver\tcpserver\release\tcpserver.tlog\cl.read.1.tlog
c:\users\kbyyd\desktop\windows网络编程\mycode\lesson3\tcpserver\tcpserver\release\tcpserver.tlog\cl.write.1.tlog
c:\users\kbyyd\desktop\windows网络编程\mycode\lesson3\tcpserver\tcpserver\release\tcpserver.tlog\link.command.1.tlog
c:\users\kbyyd\desktop\windows网络编程\mycode\lesson3\tcpserver\tcpserver\release\tcpserver.tlog\link.read.1.tlog
c:\users\kbyyd\desktop\windows网络编程\mycode\lesson3\tcpserver\tcpserver\release\tcpserver.tlog\link.write.1.tlog
