生成启动时间为 2016/1/7 19:45:23。
     1>项目“C:\Users\kbyyd\Desktop\windows网络编程\myCode\homework\chatClient\chatClient\chatClient.vcxproj”在节点 2 上(Build 个目标)。
     1>ClCompile:
         C:\Program Files (x86)\Microsoft Visual Studio 14.0\VC\bin\CL.exe /c /ZI /nologo /W3 /WX- /sdl- /Od /Oy- /D WIN32 /D _DEBUG /D _CONSOLE /D _UNICODE /D UNICODE /Gm /EHsc /RTC1 /MDd /GS /fp:precise /Zc:wchar_t /Zc:forScope /Zc:inline /Yu"stdafx.h" /Fp"Debug\chatClient.pch" /Fo"Debug\\" /Fd"Debug\vc140.pdb" /Gd /TP /analyze- /errorReport:prompt chatClient.cpp
         chatClient.cpp
     1>c:\users\kbyyd\desktop\windows网络编程\mycode\homework\chatclient\chatclient\chatclient.cpp(43): warning C4996: 'sprintf': This function or variable may be unsafe. Consider using sprintf_s instead. To disable deprecation, use _CRT_SECURE_NO_WARNINGS. See online help for details.
         c:\program files (x86)\windows kits\10\include\10.0.10150.0\ucrt\stdio.h(1769): note: 参见“sprintf”的声明
     1>c:\users\kbyyd\desktop\windows网络编程\mycode\homework\chatclient\chatclient\chatclient.cpp(51): warning C4996: 'inet_addr': Use inet_pton() or InetPton() instead or define _WINSOCK_DEPRECATED_NO_WARNINGS to disable deprecated API warnings
         c:\program files (x86)\windows kits\8.1\include\um\winsock2.h(1850): note: 参见“inet_addr”的声明
     1>c:\users\kbyyd\desktop\windows网络编程\mycode\homework\chatclient\chatclient\chatclient.cpp(66): warning C4996: 'strcpy': This function or variable may be unsafe. Consider using strcpy_s instead. To disable deprecation, use _CRT_SECURE_NO_WARNINGS. See online help for details.
         c:\program files (x86)\windows kits\10\include\10.0.10150.0\ucrt\string.h(119): note: 参见“strcpy”的声明
     1>c:\users\kbyyd\desktop\windows网络编程\mycode\homework\chatclient\chatclient\chatclient.cpp(74): warning C4996: 'strcpy': This function or variable may be unsafe. Consider using strcpy_s instead. To disable deprecation, use _CRT_SECURE_NO_WARNINGS. See online help for details.
         c:\program files (x86)\windows kits\10\include\10.0.10150.0\ucrt\string.h(119): note: 参见“strcpy”的声明
       Link:
         C:\Program Files (x86)\Microsoft Visual Studio 14.0\VC\bin\link.exe /ERRORREPORT:PROMPT /OUT:"C:\Users\kbyyd\Desktop\windows网络编程\myCode\homework\chatClient\Debug\chatClient.exe" /INCREMENTAL /NOLOGO kernel32.lib user32.lib gdi32.lib winspool.lib comdlg32.lib advapi32.lib shell32.lib ole32.lib oleaut32.lib uuid.lib odbc32.lib odbccp32.lib /MANIFEST /MANIFESTUAC:"level='asInvoker' uiAccess='false'" /manifest:embed /Debug /PDB:"C:\Users\kbyyd\Desktop\windows网络编程\myCode\homework\chatClient\Debug\chatClient.pdb" /SUBSYSTEM:CONSOLE /TLBID:1 /DYNAMICBASE /NXCOMPAT /IMPLIB:"C:\Users\kbyyd\Desktop\windows网络编程\myCode\homework\chatClient\Debug\chatClient.lib" /MACHINE:X86 Debug\chatClient.obj
         Debug\stdafx.obj
         chatClient.vcxproj -> C:\Users\kbyyd\Desktop\windows网络编程\myCode\homework\chatClient\Debug\chatClient.exe
     1>已完成生成项目“C:\Users\kbyyd\Desktop\windows网络编程\myCode\homework\chatClient\chatClient\chatClient.vcxproj”(Build 个目标)的操作。

已成功生成。

已用时间 00:00:04.84
