c:\users\kbyyd\desktop\windows网络编程\模板代码\源代码\第5章\tcpserver\tcpserver\debug\tcpserver.pch
c:\users\kbyyd\desktop\windows网络编程\模板代码\源代码\第5章\tcpserver\tcpserver\debug\vc140.pdb
c:\users\kbyyd\desktop\windows网络编程\模板代码\源代码\第5章\tcpserver\tcpserver\debug\vc140.idb
c:\users\kbyyd\desktop\windows网络编程\模板代码\源代码\第5章\tcpserver\tcpserver\debug\stdafx.obj
c:\users\kbyyd\desktop\windows网络编程\模板代码\源代码\第5章\tcpserver\tcpserver\debug\tcpserver.obj
c:\users\kbyyd\desktop\windows网络编程\mycode\lesson3\tcpserver\tcpserver\debug\tcpserver.pch
c:\users\kbyyd\desktop\windows网络编程\mycode\lesson3\tcpserver\tcpserver\debug\vc140.pdb
c:\users\kbyyd\desktop\windows网络编程\mycode\lesson3\tcpserver\tcpserver\debug\vc140.idb
c:\users\kbyyd\desktop\windows网络编程\mycode\lesson3\tcpserver\tcpserver\debug\stdafx.obj
c:\users\kbyyd\desktop\windows网络编程\mycode\lesson3\tcpserver\tcpserver\debug\tcpserver.obj
c:\users\kbyyd\desktop\windows网络编程\模板代码\源代码\第5章\tcpserver\debug\tcpserver.ilk
c:\users\kbyyd\desktop\windows网络编程\模板代码\源代码\第5章\tcpserver\debug\tcpserver.exe
c:\users\kbyyd\desktop\windows网络编程\模板代码\源代码\第5章\tcpserver\debug\tcpserver.pdb
c:\users\kbyyd\desktop\windows网络编程\mycode\lesson3\tcpserver\debug\tcpserver.ilk
c:\users\kbyyd\desktop\windows网络编程\mycode\lesson3\tcpserver\debug\tcpserver.exe
c:\users\kbyyd\desktop\windows网络编程\mycode\lesson3\tcpserver\debug\tcpserver.pdb
c:\users\kbyyd\desktop\windows网络编程\mycode\lesson3\tcpserver\tcpserver\debug\tcpserver.tlog\cl.command.1.tlog
c:\users\kbyyd\desktop\windows网络编程\mycode\lesson3\tcpserver\tcpserver\debug\tcpserver.tlog\cl.read.1.tlog
c:\users\kbyyd\desktop\windows网络编程\mycode\lesson3\tcpserver\tcpserver\debug\tcpserver.tlog\cl.write.1.tlog
c:\users\kbyyd\desktop\windows网络编程\mycode\lesson3\tcpserver\tcpserver\debug\tcpserver.tlog\link.command.1.tlog
c:\users\kbyyd\desktop\windows网络编程\mycode\lesson3\tcpserver\tcpserver\debug\tcpserver.tlog\link.read.1.tlog
c:\users\kbyyd\desktop\windows网络编程\mycode\lesson3\tcpserver\tcpserver\debug\tcpserver.tlog\link.write.1.tlog
