生成启动时间为 2015/12/16 21:02:41。
     1>项目“C:\Users\kbyyd\Desktop\windows网络编程\myCode\lesson4\TcpServer\TcpServer\TcpServer.vcxproj”在节点 2 上(Build 个目标)。
     1>ClCompile:
         C:\Program Files (x86)\Microsoft Visual Studio 14.0\VC\bin\CL.exe /c /ZI /nologo /W3 /WX- /Od /Oy- /D WIN32 /D _DEBUG /D _CONSOLE /D _UNICODE /D UNICODE /Gm /EHsc /RTC1 /MDd /GS /fp:precise /Zc:wchar_t /Zc:forScope /Zc:inline /Yu"stdafx.h" /Fp"Debug\TcpServer.pch" /Fo"Debug\\" /Fd"Debug\vc140.pdb" /Gd /TP /analyze- /errorReport:prompt TcpServer.cpp
         TcpServer.cpp
     1>c:\users\kbyyd\desktop\windows网络编程\mycode\lesson4\tcpserver\tcpserver\tcpserver.cpp(114): warning C4996: 'inet_ntoa': Use inet_ntop() or InetNtop() instead or define _WINSOCK_DEPRECATED_NO_WARNINGS to disable deprecated API warnings
         c:\program files (x86)\windows kits\8.1\include\um\winsock2.h(1868): note: 参见“inet_ntoa”的声明
     1>c:\users\kbyyd\desktop\windows网络编程\mycode\lesson4\tcpserver\tcpserver\tcpserver.cpp(138): warning C4996: 'sprintf': This function or variable may be unsafe. Consider using sprintf_s instead. To disable deprecation, use _CRT_SECURE_NO_WARNINGS. See online help for details.
         c:\program files (x86)\windows kits\10\include\10.0.10150.0\ucrt\stdio.h(1769): note: 参见“sprintf”的声明
     1>c:\users\kbyyd\desktop\windows网络编程\mycode\lesson4\tcpserver\tcpserver\tcpserver.cpp(139): warning C4996: 'inet_ntoa': Use inet_ntop() or InetNtop() instead or define _WINSOCK_DEPRECATED_NO_WARNINGS to disable deprecated API warnings
         c:\program files (x86)\windows kits\8.1\include\um\winsock2.h(1868): note: 参见“inet_ntoa”的声明
     1>c:\users\kbyyd\desktop\windows网络编程\mycode\lesson4\tcpserver\tcpserver\tcpserver.cpp(146): warning C4996: 'sprintf': This function or variable may be unsafe. Consider using sprintf_s instead. To disable deprecation, use _CRT_SECURE_NO_WARNINGS. See online help for details.
         c:\program files (x86)\windows kits\10\include\10.0.10150.0\ucrt\stdio.h(1769): note: 参见“sprintf”的声明
     1>c:\users\kbyyd\desktop\windows网络编程\mycode\lesson4\tcpserver\tcpserver\tcpserver.cpp(153): warning C4996: 'inet_ntoa': Use inet_ntop() or InetNtop() instead or define _WINSOCK_DEPRECATED_NO_WARNINGS to disable deprecated API warnings
         c:\program files (x86)\windows kits\8.1\include\um\winsock2.h(1868): note: 参见“inet_ntoa”的声明
     1>c:\users\kbyyd\desktop\windows网络编程\mycode\lesson4\tcpserver\tcpserver\tcpserver.cpp(52): warning C4101: “sendBytes”: 未引用的局部变量
     1>c:\users\kbyyd\desktop\windows网络编程\mycode\lesson4\tcpserver\tcpserver\tcpserver.cpp(53): warning C4101: “recvBytes”: 未引用的局部变量
     1>c:\users\kbyyd\desktop\windows网络编程\mycode\lesson4\tcpserver\tcpserver\tcpserver.cpp(29): warning C4715: “createSocketInfo”: 不是所有的控件路径都返回值
       Link:
         C:\Program Files (x86)\Microsoft Visual Studio 14.0\VC\bin\link.exe /ERRORREPORT:PROMPT /OUT:"C:\Users\kbyyd\Desktop\windows网络编程\myCode\lesson4\TcpServer\Debug\TcpServer.exe" /INCREMENTAL /NOLOGO kernel32.lib user32.lib gdi32.lib winspool.lib comdlg32.lib advapi32.lib shell32.lib ole32.lib oleaut32.lib uuid.lib odbc32.lib odbccp32.lib /MANIFEST /MANIFESTUAC:"level='asInvoker' uiAccess='false'" /manifest:embed /Debug /PDB:"C:\Users\kbyyd\Desktop\windows网络编程\myCode\lesson4\TcpServer\Debug\TcpServer.pdb" /SUBSYSTEM:CONSOLE /TLBID:1 /DYNAMICBASE /NXCOMPAT /IMPLIB:"C:\Users\kbyyd\Desktop\windows网络编程\myCode\lesson4\TcpServer\Debug\TcpServer.lib" /MACHINE:X86 /SAFESEH Debug\stdafx.obj
         Debug\TcpServer.obj
         TcpServer.vcxproj -> C:\Users\kbyyd\Desktop\windows网络编程\myCode\lesson4\TcpServer\Debug\TcpServer.exe
     1>已完成生成项目“C:\Users\kbyyd\Desktop\windows网络编程\myCode\lesson4\TcpServer\TcpServer\TcpServer.vcxproj”(Build 个目标)的操作。

已成功生成。

已用时间 00:00:02.22
