生成启动时间为 2015/12/23 17:38:47。
     1>项目“C:\Users\kbyyd\Desktop\windows网络编程\myCode\lesson5\UDPclient\UDPclient\UDPclient.vcxproj”在节点 2 上(Build 个目标)。
     1>ClCompile:
         C:\Program Files (x86)\Microsoft Visual Studio 14.0\VC\bin\CL.exe /c /Zi /nologo /W3 /WX- /sdl- /O2 /Oi /Oy- /GL /D WIN32 /D NDEBUG /D _CONSOLE /D _UNICODE /D UNICODE /Gm- /EHsc /MD /GS /Gy /fp:precise /Zc:wchar_t /Zc:forScope /Zc:inline /Yc"stdafx.h" /Fp"Release\UDPclient.pch" /Fo"Release\\" /Fd"Release\vc140.pdb" /Gd /TP /analyze- /errorReport:prompt stdafx.cpp
         stdafx.cpp
         C:\Program Files (x86)\Microsoft Visual Studio 14.0\VC\bin\CL.exe /c /Zi /nologo /W3 /WX- /sdl- /O2 /Oi /Oy- /GL /D WIN32 /D NDEBUG /D _CONSOLE /D _UNICODE /D UNICODE /Gm- /EHsc /MD /GS /Gy /fp:precise /Zc:wchar_t /Zc:forScope /Zc:inline /Yu"stdafx.h" /Fp"Release\UDPclient.pch" /Fo"Release\\" /Fd"Release\vc140.pdb" /Gd /TP /analyze- /errorReport:prompt UDPclient.cpp
         UDPclient.cpp
     1>UDPclient.cpp(39): warning C4996: 'inet_addr': Use inet_pton() or InetPton() instead or define _WINSOCK_DEPRECATED_NO_WARNINGS to disable deprecated API warnings
         C:\Program Files (x86)\Windows Kits\8.1\Include\um\WINSOCK2.H(1850): note: 参见“inet_addr”的声明
     1>UDPclient.cpp(34): warning C4101: “IPtemp”: 未引用的局部变量
       Link:
         C:\Program Files (x86)\Microsoft Visual Studio 14.0\VC\bin\link.exe /ERRORREPORT:PROMPT /OUT:"C:\Users\kbyyd\Desktop\windows网络编程\myCode\lesson5\UDPclient\Release\UDPclient.exe" /INCREMENTAL:NO /NOLOGO kernel32.lib user32.lib gdi32.lib winspool.lib comdlg32.lib advapi32.lib shell32.lib ole32.lib oleaut32.lib uuid.lib odbc32.lib odbccp32.lib /MANIFEST /MANIFESTUAC:"level='asInvoker' uiAccess='false'" /manifest:embed /Debug /PDB:"C:\Users\kbyyd\Desktop\windows网络编程\myCode\lesson5\UDPclient\Release\UDPclient.pdb" /SUBSYSTEM:CONSOLE /OPT:REF /OPT:ICF /LTCG:incremental /TLBID:1 /DYNAMICBASE /NXCOMPAT /IMPLIB:"C:\Users\kbyyd\Desktop\windows网络编程\myCode\lesson5\UDPclient\Release\UDPclient.lib" /MACHINE:X86 /SAFESEH Release\stdafx.obj
         Release\UDPclient.obj
         正在生成代码
         All 78 functions were compiled because no usable IPDB/IOBJ from previous compilation was found.
         已完成代码的生成
         UDPclient.vcxproj -> C:\Users\kbyyd\Desktop\windows网络编程\myCode\lesson5\UDPclient\Release\UDPclient.exe
     1>已完成生成项目“C:\Users\kbyyd\Desktop\windows网络编程\myCode\lesson5\UDPclient\UDPclient\UDPclient.vcxproj”(Build 个目标)的操作。

已成功生成。

已用时间 00:00:03.54
