生成启动时间为 2015/11/26 22:13:21。
     1>项目“C:\Users\kbyyd\Desktop\windows网络编程\模板代码\源代码\第5章\TcpClient\TcpClient\TcpClient.vcxproj”在节点 2 上(Build 个目标)。
     1>ClCompile:
         C:\Program Files (x86)\Microsoft Visual Studio 14.0\VC\bin\CL.exe /c /Zi /nologo /W3 /WX- /O2 /Oy- /GL /D WIN32 /D NDEBUG /D _CONSOLE /D _UNICODE /D UNICODE /Gm- /EHsc /MD /GS /fp:precise /Zc:wchar_t /Zc:forScope /Zc:inline /Yu"stdafx.h" /Fp"Release\TcpClient.pch" /Fo"Release\\" /Fd"Release\vc140.pdb" /Gd /TP /analyze- /errorReport:prompt TcpClient.cpp
         TcpClient.cpp
     1>TcpClient.cpp(80): warning C4996: 'strcpy': This function or variable may be unsafe. Consider using strcpy_s instead. To disable deprecation, use _CRT_SECURE_NO_WARNINGS. See online help for details.
         C:\Program Files (x86)\Windows Kits\10\Include\10.0.10150.0\ucrt\string.h(119): note: 参见“strcpy”的声明
     1>TcpClient.cpp(36): warning C4996: 'inet_addr': Use inet_pton() or InetPton() instead or define _WINSOCK_DEPRECATED_NO_WARNINGS to disable deprecated API warnings
         C:\Program Files (x86)\Windows Kits\8.1\Include\um\Winsock2.H(1850): note: 参见“inet_addr”的声明
       Link:
         C:\Program Files (x86)\Microsoft Visual Studio 14.0\VC\bin\link.exe /ERRORREPORT:PROMPT /OUT:"C:\Users\kbyyd\Desktop\windows网络编程\模板代码\源代码\第5章\TcpClient\Release\TcpClient.exe" /INCREMENTAL:NO /NOLOGO kernel32.lib user32.lib gdi32.lib winspool.lib comdlg32.lib advapi32.lib shell32.lib ole32.lib oleaut32.lib uuid.lib odbc32.lib odbccp32.lib /MANIFEST /MANIFESTUAC:"level='asInvoker' uiAccess='false'" /manifest:embed /Debug /PDB:"C:\Users\kbyyd\Desktop\windows网络编程\模板代码\源代码\第5章\TcpClient\Release\TcpClient.pdb" /SUBSYSTEM:CONSOLE /OPT:REF /OPT:ICF /LTCG:incremental /TLBID:1 /DYNAMICBASE /NXCOMPAT /IMPLIB:"C:\Users\kbyyd\Desktop\windows网络编程\模板代码\源代码\第5章\TcpClient\Release\TcpClient.lib" /MACHINE:X86 /SAFESEH Release\stdafx.obj
         Release\TcpClient.obj
         正在生成代码
         1 of 77 functions ( 1.3%) were compiled, the rest were copied from previous compilation.
           0 functions were new in current compilation
           0 functions had inline decision re-evaluated but remain unchanged
         已完成代码的生成
         TcpClient.vcxproj -> C:\Users\kbyyd\Desktop\windows网络编程\模板代码\源代码\第5章\TcpClient\Release\TcpClient.exe
     1>已完成生成项目“C:\Users\kbyyd\Desktop\windows网络编程\模板代码\源代码\第5章\TcpClient\TcpClient\TcpClient.vcxproj”(Build 个目标)的操作。

已成功生成。

已用时间 00:00:02.75
